This is pdfTeX, Version 3.141592653-2.6-1.40.22 (TeX Live 2021) (preloaded format=pdflatex 2022.6.19)  17 DEC 2022 14:33
entering extended mode
 restricted \write18 enabled.
 file:line:error style messages enabled.
 %&-line parsing enabled.
**thesis.tex
(./thesis.tex
LaTeX2e <2020-10-01> patch level 4
L3 programming layer <2021-05-07> (./thesis.cls
Document Class: thesis 2013/06/28 LaTeX2e class for MMU FCI FYP Report v1.0. Copyright (c) 2013 Poo Kuan Hoong (kuanhoong@gmail.com)
(/usr/share/texlive/texmf-dist/tex/latex/memoir/memoir.cls
Document Class: memoir 2021/03/23 v3.7o configurable book, report, article document class
\onelineskip=\skip47
\lxvchars=\skip48
\xlvchars=\skip49
\@memcnta=\count179
\c@@memmarkcntra=\count180
(/usr/share/texlive/texmf-dist/tex/generic/iftex/iftex.sty
Package: iftex 2020/03/06 v1.0d TeX engine tests
)
\stockheight=\skip50
\stockwidth=\skip51
\trimtop=\skip52
\trimedge=\skip53
 (/usr/share/texlive/texmf-dist/tex/latex/memoir/mem12.clo
File: mem12.clo 2010/10/19 v0.4b memoir class 12pt size option
)
\binding=\skip54
\spinemargin=\skip55
\foremargin=\skip56
\uppermargin=\skip57
\lowermargin=\skip58
\headdrop=\skip59
\normalrulethickness=\skip60
\mem@maxheadheight=\skip61
\mem@maxfootheight=\skip62
\headwidth=\skip63
\c@storedpagenumber=\count181
\memPD=\dimen138
\m@mabparskip=\skip64
\thanksmarkwidth=\skip65
\thanksmarksep=\skip66
\droptitle=\skip67
\c@book=\count182
\c@part=\count183
\c@chapter=\count184
\c@section=\count185
\c@subsection=\count186
\c@subsubsection=\count187
\c@paragraph=\count188
\c@subparagraph=\count189
\beforechapskip=\skip68
\midchapskip=\skip69
\afterchapskip=\skip70
\chapindent=\skip71
\bottomsectionskip=\skip72
\secindent=\skip73
\beforesecskip=\skip74
\aftersecskip=\skip75
\subsecindent=\skip76
\beforesubsecskip=\skip77
\aftersubsecskip=\skip78
\subsubsecindent=\skip79
\beforesubsubsecskip=\skip80
\aftersubsubsecskip=\skip81
\paraindent=\skip82
\beforeparaskip=\skip83
\afterparaskip=\skip84
\subparaindent=\skip85
\beforesubparaskip=\skip86
\aftersubparaskip=\skip87
\pfbreakskip=\skip88
\c@@ppsavesec=\count190
\c@@ppsaveapp=\count191
\ragrparindent=\dimen139
\everylistparindent=\dimen140
\parsepi=\skip89
\topsepi=\skip90
\itemsepi=\skip91
\parsepii=\skip92
\topsepii=\skip93
\topsepiii=\skip94
\itemsepii=\skip95
\itemsepiii=\skip96
\partopsepii=\skip97
\partopsepiii=\skip98
\m@msavetopsep=\skip99
\m@msavepartopsep=\skip100
\@enLab=\toks15
\abstitleskip=\skip101
\absleftindent=\skip102
\abs@leftindent=\dimen141
\absrightindent=\skip103
\absparindent=\skip104
\absparsep=\skip105
\c@vslineno=\count192
\c@poemline=\count193
\c@modulo@vs=\count194
\c@memfvsline=\count195
\vleftskip=\skip106
\vrightskip=\skip107
\stanzaskip=\skip108
\versewidth=\skip109
\vgap=\skip110
\vindent=\skip111
\vleftmargin=\dimen142
\c@verse=\count196
\c@chrsinstr=\count197
\beforepoemtitleskip=\skip112
\afterpoemtitleskip=\skip113
\c@poem=\count198
\beforePoemTitleskip=\skip114
\midPoemTitleskip=\skip115
\afterPoemTitleskip=\skip116
 (/usr/share/texlive/texmf-dist/tex/latex/tools/array.sty
Package: array 2020/10/01 v2.5c Tabular extension package (FMi)
\col@sep=\dimen143
\ar@mcellbox=\box47
\extrarowheight=\dimen144
\NC@list=\toks16
\extratabsurround=\skip117
\backup@length=\skip118
\ar@cellbox=\box48
) (/usr/share/texlive/texmf-dist/tex/latex/tools/dcolumn.sty
Package: dcolumn 2014/10/28 v1.06 decimal alignment package (DPC)
) (/usr/share/texlive/texmf-dist/tex/latex/tools/delarray.sty
Package: delarray 2014/10/28 v1.01 array delimiter package (DPC)
) (/usr/share/texlive/texmf-dist/tex/latex/tools/tabularx.sty
Package: tabularx 2020/01/15 v2.11c `tabularx' package (DPC)
\TX@col@width=\dimen145
\TX@old@table=\dimen146
\TX@old@col=\dimen147
\TX@target=\dimen148
\TX@delta=\dimen149
\TX@cols=\count199
\TX@ftn=\toks17
)
\heavyrulewidth=\dimen150
\lightrulewidth=\dimen151
\cmidrulewidth=\dimen152
\belowrulesep=\dimen153
\belowbottomsep=\dimen154
\aboverulesep=\dimen155
\abovetopsep=\dimen156
\cmidrulesep=\dimen157
\cmidrulekern=\dimen158
\defaultaddspace=\dimen159
\@cmidla=\count266
\@cmidlb=\count267
\@aboverulesep=\dimen160
\@belowrulesep=\dimen161
\@thisruleclass=\count268
\@lastruleclass=\count269
\@thisrulewidth=\dimen162
\ctableftskip=\skip119
\ctabrightskip=\skip120
\abovecolumnspenalty=\count270
\@linestogo=\count271
\@cellstogo=\count272
\@cellsincolumn=\count273
\crtok=\toks18
\@mincolumnwidth=\dimen163
\c@newflo@tctr=\count274
\mem@margin@floatbox=\box49
\@contcwidth=\skip121
\@contindw=\skip122
\abovecaptionskip=\skip123
\belowcaptionskip=\skip124
\subfloattopskip=\skip125
\subfloatcapskip=\skip126
\subfloatcaptopadj=\skip127
\subfloatbottomskip=\skip128
\subfloatlabelskip=\skip129
\subfloatcapmargin=\dimen164
\c@@contsubnum=\count275
\m@mscap@capbox=\box50
\m@mscap@fbox=\box51
\sidecapsep=\dimen165
\sidecapwidth=\dimen166
\m@m@tempdima=\dimen167
\m@mscapraise=\dimen168
\sidecapraise=\dimen169
\m@mscapmainwidth=\dimen170
\m@mscaplkern=\dimen171
\beforeepigraphskip=\skip130
\afterepigraphskip=\skip131
\epigraphwidth=\skip132
\epigraphrule=\skip133
LaTeX Info: Redefining \em on input line 7650.
LaTeX Info: Redefining \emph on input line 7658.
\tocentryskip=\skip134
\tocbaseline=\skip135
\cftparskip=\skip136
\cftbeforebookskip=\skip137
\cftbookindent=\dimen172
\cftbooknumwidth=\dimen173
\cftbeforepartskip=\skip138
\cftpartindent=\skip139
\cftpartnumwidth=\skip140
\cftbeforechapterskip=\skip141
\cftchapterindent=\skip142
\cftchapternumwidth=\skip143
\cftbeforesectionskip=\skip144
\cftsectionindent=\skip145
\cftsectionnumwidth=\skip146
\cftbeforesubsectionskip=\skip147
\cftsubsectionindent=\skip148
\cftsubsectionnumwidth=\skip149
\cftbeforesubsubsectionskip=\skip150
\cftsubsubsectionindent=\skip151
\cftsubsubsectionnumwidth=\skip152
\cftbeforeparagraphskip=\skip153
\cftparagraphindent=\skip154
\cftparagraphnumwidth=\skip155
\cftbeforesubparagraphskip=\skip156
\cftsubparagraphindent=\skip157
\cftsubparagraphnumwidth=\skip158
\prechapterprecisshift=\dimen174
\c@maxsecnumdepth=\count276
\bibindent=\dimen175
\bibitemsep=\skip159
\indexcolsep=\skip160
\indexrule=\skip161
\indexmarkstyle=\toks19
\@indexbox=\insert252
\glossarycolsep=\dimen176
\glossaryrule=\dimen177
\sideparvshift=\skip162
\sideins=\insert251
\sidebartopsep=\skip163
\sidebarhsep=\skip164
\sidebarvsep=\skip165
\sidebarwidth=\skip166
\footmarkwidth=\skip167
\footmarksep=\skip168
\footparindent=\skip169
\footinsdim=\skip170
\footinsv@r=\insert250
\@mpfootinsv@r=\insert249
\m@m@k=\count277
\m@m@h=\dimen178
\m@mipn@skip=\skip171
\sidefootins=\insert248
\sidefootadjust=\skip172
\sidefootheight=\skip173
\sidefoothsep=\skip174
\sidefootvsep=\skip175
\sidefootwidth=\skip176
\m@mdownsf=\skip177
\c@sidefootnote=\count278
\sidefootmarkwidth=\skip178
\sidefootmarksep=\skip179
\sidefootparindent=\skip180
\c@pagenote=\count279
\c@pagenoteshadow=\count280
\mem@pn@lastkern=\skip181
\every@verbatim=\toks20
\afterevery@verbatim=\toks21
\verbatim@line=\toks22
\tab@position=\count281
\verbatim@in@stream=\read2
\verbatimindent=\skip182
\verbatim@out=\write3
\bvboxsep=\skip183
\c@memfbvline=\count282
\c@bvlinectr=\count283
\bvnumlength=\skip184
\fb@frw=\dimen179
\fb@frh=\dimen180
\FrameRule=\dimen181
\FrameSep=\dimen182
\c@cp@cntr=\count284
\c@ism@mctr=\count285
\c@xsm@mctr=\count286
\c@csm@mctr=\count287
\c@ksm@mctr=\count288
\c@xksm@mctr=\count289
\c@cksm@mctr=\count290
\c@msm@mctr=\count291
\c@xmsm@mctr=\count292
\c@cmsm@mctr=\count293
\c@bsm@mctr=\count294
\c@workm@mctr=\count295
\c@sheetsequence=\count296
\c@lastsheet=\count297
\c@lastpage=\count298
 (/usr/share/texlive/texmf-dist/tex/latex/textcase/textcase.sty
Package: textcase 2019/09/14 v1.00 Text only upper/lower case changing (DPC)
)
\c@figure=\count299
\c@lofdepth=\count300
\cftbeforefigureskip=\skip185
\cftfigureindent=\skip186
\cftfigurenumwidth=\skip187
\c@table=\count301
\c@lotdepth=\count302
\cftbeforetableskip=\skip188
\cfttableindent=\skip189
\cfttablenumwidth=\skip190
Package abstract [2008/07/23] emulated by memoir.
Package appendix [2008/07/23] emulated by memoir.
Package booktabs [2016/05/16] emulated by memoir.
Package ccaption [2008/07/23] emulated by memoir.
Package changepage [2008/07/23] emulated by memoir.
Package chngcntr [2008/07/23] emulated by memoir.
Package chngpage [2008/07/23] emulated by memoir.
Package crop emulated by memoir.
Package enumerate [2008/07/23] emulated by memoir.
Package epigraph [2008/07/23] emulated by memoir.
Package ifmtarg [2008/07/23] emulated by memoir.
Package index [2008/07/23] emulated by memoir.
Package makeidx [2008/07/23] emulated by memoir.
Package moreverb [2008/07/23] emulated by memoir.
Package needspace [2008/07/23] emulated by memoir.
Package newfile [2008/07/23] emulated by memoir.
Package nextpage [2008/07/23] emulated by memoir.
Package pagenote [2008/07/23] emulated by memoir.
Package parskip [2008/07/23] emulated by memoir.
Package patchcmd [2008/07/23] emulated by memoir.
Package setspace [2008/07/23] emulated by memoir.
Package shortvrb [2008/07/23] emulated by memoir.
Package showidx [2008/07/23] emulated by memoir.
Package titleref [2008/07/23] emulated by memoir.
Package titling [2008/07/23] emulated by memoir.
Package tocbibind [2008/07/23] emulated by memoir.
Package tocloft [2008/07/23] emulated by memoir.
Package tocvsec2 [2008/07/23] emulated by memoir.
Package verbatim [2008/07/23] emulated by memoir.
Package verse [2008/07/23] emulated by memoir.
) (/usr/share/texlive/texmf-dist/tex/latex/base/textcomp.sty
Package: textcomp 2020/02/02 v2.0n Standard LaTeX package
) (/usr/share/texlive/texmf-dist/tex/latex/datetime/datetime.sty
Package: datetime 2015/03/20 v2.60 Date Time Package
 (/usr/share/texlive/texmf-dist/tex/latex/etoolbox/etoolbox.sty
Package: etoolbox 2020/10/05 v2.5k e-TeX tools for LaTeX (JAW)
\etb@tempcnta=\count303
) (/usr/share/texlive/texmf-dist/tex/latex/fmtcount/fmtcount.sty
Package: fmtcount 2020/01/30 v3.07
 (/usr/share/texlive/texmf-dist/tex/latex/base/ifthen.sty
Package: ifthen 2014/09/29 v1.1c Standard LaTeX ifthen package (DPC)
) (/usr/share/texlive/texmf-dist/tex/latex/xkeyval/xkeyval.sty
Package: xkeyval 2020/11/20 v2.8 package option processing (HA)
 (/usr/share/texlive/texmf-dist/tex/generic/xkeyval/xkeyval.tex (/usr/share/texlive/texmf-dist/tex/generic/xkeyval/xkvutils.tex
\XKV@toks=\toks23
\XKV@tempa@toks=\toks24
 (/usr/share/texlive/texmf-dist/tex/generic/xkeyval/keyval.tex))
\XKV@depth=\count304
File: xkeyval.tex 2014/12/03 v2.7a key=value parser (HA)
)) (/usr/share/texlive/texmf-dist/tex/latex/fmtcount/fcprefix.sty
Package: fcprefix 2012/09/28
 (/usr/share/texlive/texmf-dist/tex/latex/fmtcount/fcnumparser.sty
Package: fcnumparser 2017/06/15
\fc@digit@counter=\count305
)) (/usr/share/texlive/texmf-dist/tex/latex/amsmath/amsgen.sty
File: amsgen.sty 1999/11/30 v2.0 generic functions
\@emptytoks=\toks25
\ex@=\dimen183
)
\c@padzeroesN=\count306
\fc@tmpcatcode=\count307
\@DT@modctr=\count308
\@ordinalctr=\count309
\@orgargctr=\count310
\@strctr=\count311
\@tmpstrctr=\count312
\@DT@loopN=\count313
\@DT@X=\count314


Package fmtcount Warning: \ordinal already defined use \FCordinal instead. on input line 466.

) (/usr/share/texlive/texmf-dist/tex/latex/datetime/datetime-defaults.sty
Package: datetime-defaults 2013/09/10
)
\@day=\count315
\@month=\count316
\@year=\count317
\c@HOUR=\count318
\c@HOURXII=\count319
\c@MINUTE=\count320
\c@TOHOUR=\count321
\c@TOMINUTE=\count322
\c@SECOND=\count323
\currenthour=\count324
\currentminute=\count325
\currentsecond=\count326
Package datetime Info: No datetime.cfg file found, using default settings on input line 308.
\@dtctr=\count327
\dayofyear=\count328
\dayofweek=\count329
LaTeX Info: Redefining \today on input line 736.
\dt@a=\toks26
\dt@b=\toks27
)

******************************************************
Stock height and width: 845.04684pt by 597.50787pt
Top and edge trims: 0pt and 0pt
Page height and width: 845.04684pt by 597.50787pt
Text height and width: 621pt by 412pt
Spine and edge margins: 113.81102pt and 71.13188pt
Upper and lower margins: 113.81102pt and 110.23582pt
Headheight and headsep: 14.5pt and 19.8738pt
Footskip: 36.67912pt
Columnsep and columnseprule: 10pt and 0pt
Marginparsep and marginparwidth: 7pt and 57.13188pt
Sidecapsep and sidecapwidth: 7pt and 42pt
Sidebarhsep and sidebarwidth: 7pt and 42pt
Sidebarvsep and sidebartopsep: 14.5pt and 0pt
Sidebarheight: 590.14995pt
Sidefoothsep and sidefootwidth: 7pt and 42pt
Sidefootvsep and sidefootheight: 14.5pt and 590.14995pt
******************************************************

(/usr/share/texlive/texmf-dist/tex/latex/base/fontenc.sty
Package: fontenc 2020/08/10 v2.0s Standard LaTeX package
) (/usr/share/texlive/texmf-dist/tex/latex/psnfss/helvet.sty
Package: helvet 2020/03/25 PSNFSS-v9.3 (WaS) 
) (/usr/share/texlive/texmf-dist/tex/latex/psnfss/mathptmx.sty
Package: mathptmx 2020/03/25 PSNFSS-v9.3 Times w/ Math, improved (SPQR, WaS) 
LaTeX Font Info:    Redeclaring symbol font `operators' on input line 28.
LaTeX Font Info:    Overwriting symbol font `operators' in version `normal'
(Font)                  OT1/cmr/m/n --> OT1/ztmcm/m/n on input line 28.
LaTeX Font Info:    Overwriting symbol font `operators' in version `bold'
(Font)                  OT1/cmr/bx/n --> OT1/ztmcm/m/n on input line 28.
LaTeX Font Info:    Redeclaring symbol font `letters' on input line 29.
LaTeX Font Info:    Overwriting symbol font `letters' in version `normal'
(Font)                  OML/cmm/m/it --> OML/ztmcm/m/it on input line 29.
LaTeX Font Info:    Overwriting symbol font `letters' in version `bold'
(Font)                  OML/cmm/b/it --> OML/ztmcm/m/it on input line 29.
LaTeX Font Info:    Redeclaring symbol font `symbols' on input line 30.
LaTeX Font Info:    Overwriting symbol font `symbols' in version `normal'
(Font)                  OMS/cmsy/m/n --> OMS/ztmcm/m/n on input line 30.
LaTeX Font Info:    Overwriting symbol font `symbols' in version `bold'
(Font)                  OMS/cmsy/b/n --> OMS/ztmcm/m/n on input line 30.
LaTeX Font Info:    Redeclaring symbol font `largesymbols' on input line 31.
LaTeX Font Info:    Overwriting symbol font `largesymbols' in version `normal'
(Font)                  OMX/cmex/m/n --> OMX/ztmcm/m/n on input line 31.
LaTeX Font Info:    Overwriting symbol font `largesymbols' in version `bold'
(Font)                  OMX/cmex/m/n --> OMX/ztmcm/m/n on input line 31.
\symbold=\mathgroup4
\symitalic=\mathgroup5
LaTeX Font Info:    Redeclaring math alphabet \mathbf on input line 34.
LaTeX Font Info:    Overwriting math alphabet `\mathbf' in version `normal'
(Font)                  OT1/cmr/bx/n --> OT1/ptm/bx/n on input line 34.
LaTeX Font Info:    Overwriting math alphabet `\mathbf' in version `bold'
(Font)                  OT1/cmr/bx/n --> OT1/ptm/bx/n on input line 34.
LaTeX Font Info:    Redeclaring math alphabet \mathit on input line 35.
LaTeX Font Info:    Overwriting math alphabet `\mathit' in version `normal'
(Font)                  OT1/cmr/m/it --> OT1/ptm/m/it on input line 35.
LaTeX Font Info:    Overwriting math alphabet `\mathit' in version `bold'
(Font)                  OT1/cmr/bx/it --> OT1/ptm/m/it on input line 35.
LaTeX Info: Redefining \hbar on input line 50.
) (/usr/share/texlive/texmf-dist/tex/latex/hyperref/hyperref.sty
Package: hyperref 2021-02-27 v7.00k Hypertext links for LaTeX
 (/usr/share/texlive/texmf-dist/tex/generic/ltxcmds/ltxcmds.sty
Package: ltxcmds 2020-05-10 v1.25 LaTeX kernel commands for general use (HO)
) (/usr/share/texlive/texmf-dist/tex/generic/pdftexcmds/pdftexcmds.sty
Package: pdftexcmds 2020-06-27 v0.33 Utility functions of pdfTeX for LuaTeX (HO)
 (/usr/share/texlive/texmf-dist/tex/generic/infwarerr/infwarerr.sty
Package: infwarerr 2019/12/03 v1.5 Providing info/warning/error messages (HO)
)
Package pdftexcmds Info: \pdf@primitive is available.
Package pdftexcmds Info: \pdf@ifprimitive is available.
Package pdftexcmds Info: \pdfdraftmode found.
) (/usr/share/texlive/texmf-dist/tex/generic/kvsetkeys/kvsetkeys.sty
Package: kvsetkeys 2019/12/15 v1.18 Key value parser (HO)
) (/usr/share/texlive/texmf-dist/tex/generic/kvdefinekeys/kvdefinekeys.sty
Package: kvdefinekeys 2019-12-19 v1.6 Define keys (HO)
) (/usr/share/texlive/texmf-dist/tex/generic/pdfescape/pdfescape.sty
Package: pdfescape 2019/12/09 v1.15 Implements pdfTeX's escape features (HO)
) (/usr/share/texlive/texmf-dist/tex/latex/hycolor/hycolor.sty
Package: hycolor 2020-01-27 v1.10 Color options for hyperref/bookmark (HO)
) (/usr/share/texlive/texmf-dist/tex/latex/letltxmacro/letltxmacro.sty
Package: letltxmacro 2019/12/03 v1.6 Let assignment for LaTeX macros (HO)
) (/usr/share/texlive/texmf-dist/tex/latex/auxhook/auxhook.sty
Package: auxhook 2019-12-17 v1.6 Hooks for auxiliary files (HO)
) (/usr/share/texlive/texmf-dist/tex/latex/kvoptions/kvoptions.sty
Package: kvoptions 2020-10-07 v3.14 Key value format for package options (HO)
)
\@linkdim=\dimen184
\Hy@linkcounter=\count330
\Hy@pagecounter=\count331
 (/usr/share/texlive/texmf-dist/tex/latex/hyperref/pd1enc.def
File: pd1enc.def 2021-02-27 v7.00k Hyperref: PDFDocEncoding definition (HO)
Now handling font encoding PD1 ...
... no UTF-8 mapping file for font encoding PD1
) (/usr/share/texlive/texmf-dist/tex/latex/hyperref/hyperref-langpatches.def
File: hyperref-langpatches.def 2021-02-27 v7.00k Hyperref: patches for babel languages
) (/usr/share/texlive/texmf-dist/tex/generic/intcalc/intcalc.sty
Package: intcalc 2019/12/15 v1.3 Expandable calculations with integers (HO)
) (/usr/share/texlive/texmf-dist/tex/generic/etexcmds/etexcmds.sty
Package: etexcmds 2019/12/15 v1.7 Avoid name clashes with e-TeX commands (HO)
)
\Hy@SavedSpaceFactor=\count332
 (/usr/share/texlive/texmf-dist/tex/latex/hyperref/puenc.def
File: puenc.def 2021-02-27 v7.00k Hyperref: PDF Unicode definition (HO)
Now handling font encoding PU ...
... no UTF-8 mapping file for font encoding PU
)
Package hyperref Info: Option `breaklinks' set `true' on input line 4073.
Package hyperref Info: Hyper figures OFF on input line 4192.
Package hyperref Info: Link nesting OFF on input line 4197.
Package hyperref Info: Hyper index ON on input line 4200.
Package hyperref Info: Plain pages OFF on input line 4207.
Package hyperref Info: Backreferencing OFF on input line 4212.
Package hyperref Info: Implicit mode ON; LaTeX internals redefined.
Package hyperref Info: Bookmarks ON on input line 4445.
\c@Hy@tempcnt=\count333
 (/usr/share/texlive/texmf-dist/tex/latex/url/url.sty
\Urlmuskip=\muskip16
Package: url 2013/09/16  ver 3.4  Verb mode for urls, etc.
)
LaTeX Info: Redefining \url on input line 4804.
\XeTeXLinkMargin=\dimen185
 (/usr/share/texlive/texmf-dist/tex/generic/bitset/bitset.sty
Package: bitset 2019/12/09 v1.3 Handle bit-vector datatype (HO)
 (/usr/share/texlive/texmf-dist/tex/generic/bigintcalc/bigintcalc.sty
Package: bigintcalc 2019/12/15 v1.5 Expandable calculations on big integers (HO)
))
\Fld@menulength=\count334
\Field@Width=\dimen186
\Fld@charsize=\dimen187
Package hyperref Info: Hyper figures OFF on input line 6075.
Package hyperref Info: Link nesting OFF on input line 6080.
Package hyperref Info: Hyper index ON on input line 6083.
Package hyperref Info: backreferencing OFF on input line 6090.
Package hyperref Info: Link coloring OFF on input line 6095.
Package hyperref Info: Link coloring with OCG OFF on input line 6100.
Package hyperref Info: PDF/A mode OFF on input line 6105.
LaTeX Info: Redefining \ref on input line 6145.
LaTeX Info: Redefining \pageref on input line 6149.
 (/usr/share/texlive/texmf-dist/tex/latex/base/atbegshi-ltx.sty
Package: atbegshi-ltx 2020/08/17 v1.0a Emulation of the original atbegshi package
with kernel methods
)
\Hy@abspage=\count335
\c@Item=\count336
\c@Hfootnote=\count337
) (/usr/share/texlive/texmf-dist/tex/latex/memoir/memhfixc.sty
Package: memhfixc 2019/10/24 v1.18 nameref/hyperref package fixes for memoir class
\c@memhycontfloat=\count338
\c@Hpagenote=\count339
)
Package hyperref Info: Driver (autodetected): hpdftex.
 (/usr/share/texlive/texmf-dist/tex/latex/hyperref/hpdftex.def
File: hpdftex.def 2021-02-27 v7.00k Hyperref driver for pdfTeX
 (/usr/share/texlive/texmf-dist/tex/latex/base/atveryend-ltx.sty
Package: atveryend-ltx 2020/08/19 v1.0a Emulation of the original atvery package
with kernel methods
)
\Fld@listcount=\count340
\c@bookmark@seq@number=\count341
 (/usr/share/texlive/texmf-dist/tex/latex/rerunfilecheck/rerunfilecheck.sty
Package: rerunfilecheck 2019/12/05 v1.9 Rerun checks for auxiliary files (HO)
 (/usr/share/texlive/texmf-dist/tex/generic/uniquecounter/uniquecounter.sty
Package: uniquecounter 2019/12/15 v1.4 Provide unlimited unique counter (HO)
)
Package uniquecounter Info: New unique counter `rerunfilecheck' on input line 286.
)
\Hy@SectionHShift=\skip191
) (/usr/share/texlive/texmf-dist/tex/latex/setspace/setspace.sty
Package: setspace 2011/12/19 v6.7a set line spacing
) (/usr/share/texlive/texmf-dist/tex/latex/endnotes/endnotes.sty
Package: endnotes 2020-01-02 endnotes package
\c@endnote=\count342
\endnotesep=\dimen188
\@enotes=\write4
)
(/usr/share/texlive/texmf-dist/tex/latex/idxlayout/idxlayout.sty
Package: idxlayout 2012/03/30 v0.4d Configurable index layout
 (/usr/share/texlive/texmf-dist/tex/latex/tools/multicol.sty
Package: multicol 2019/12/09 v1.8y multicolumn formatting (FMi)
\c@tracingmulticols=\count343
\mult@box=\box52
\multicol@leftmargin=\dimen189
\c@unbalance=\count344
\c@collectmore=\count345
\doublecol@number=\count346
\multicoltolerance=\count347
\multicolpretolerance=\count348
\full@width=\dimen190
\page@free=\dimen191
\premulticols=\dimen192
\postmulticols=\dimen193
\multicolsep=\skip192
\multicolbaselineskip=\skip193
\partial@page=\box53
\last@line=\box54
\maxbalancingoverflow=\dimen194
\mult@rightbox=\box55
\mult@grightbox=\box56
\mult@gfirstbox=\box57
\mult@firstbox=\box58
\@tempa=\box59
\@tempa=\box60
\@tempa=\box61
\@tempa=\box62
\@tempa=\box63
\@tempa=\box64
\@tempa=\box65
\@tempa=\box66
\@tempa=\box67
\@tempa=\box68
\@tempa=\box69
\@tempa=\box70
\@tempa=\box71
\@tempa=\box72
\@tempa=\box73
\@tempa=\box74
\@tempa=\box75
\@tempa=\box76
\@tempa=\box77
\@tempa=\box78
\@tempa=\box79
\@tempa=\box80
\@tempa=\box81
\@tempa=\box82
\@tempa=\box83
\@tempa=\box84
\@tempa=\box85
\@tempa=\box86
\@tempa=\box87
\@tempa=\box88
\@tempa=\box89
\@tempa=\box90
\@tempa=\box91
\@tempa=\box92
\@tempa=\box93
\@tempa=\box94
\@tempa=\box95
\c@minrows=\count349
\c@columnbadness=\count350
\c@finalcolumnbadness=\count351
\last@try=\dimen195
\multicolovershoot=\dimen196
\multicolundershoot=\dimen197
\mult@nat@firstbox=\box96
\colbreak@box=\box97
\mc@col@check@num=\count352
)
\c@idxcols=\count353
\ila@indentunit=\skip194
\ila@initsep=\skip195
)
\thesis@idxfile=\write5
\openout5 = `thesis.idx'.


Writing index file thesis.idx 
(/usr/share/texlive/texmf-dist/tex/latex/apacite/apacite.sty
Package: apacite 2013/07/21 v6.03 APA citation
\c@BibCnt=\count354
\bibleftmargin=\skip196
\bibindent=\skip197
\bibparsep=\skip198
\bibitemsep=\skip199
\biblabelsep=\skip256
)
\c@lbibcount=\count355
 (/usr/share/texlive/texmf-dist/tex/latex/multibib/multibib.sty
Package: multibib 2008/12/10 v1.4 Multiple bibliographies for one document.
\mb@biblabelwidth=\count356
)
\@auxoutown=\write6
 (./own.aux)
\openout6 = `own.aux'.

 (/usr/share/texlive/texmf-dist/tex/latex/glossaries/base/glossaries.sty
Package: glossaries 2020/03/19 v4.46 (NLCT)
 (/usr/share/texlive/texmf-dist/tex/latex/mfirstuc/mfirstuc.sty
Package: mfirstuc 2017/11/14 v2.06 (NLCT)
\@glsmfirst=\toks28
\@glsmrest=\toks29
) (/usr/share/texlive/texmf-dist/tex/latex/xfor/xfor.sty
Package: xfor 2009/02/05 v1.05 (NLCT)
) (/usr/share/texlive/texmf-dist/tex/latex/datatool/datatool-base.sty
Package: datatool-base 2019/09/27 v2.32 (NLCT)
 (/usr/share/texlive/texmf-dist/tex/latex/amsmath/amsmath.sty
Package: amsmath 2020/09/23 v2.17i AMS math features
\@mathmargin=\skip257

For additional information on amsmath, use the `?' option.
(/usr/share/texlive/texmf-dist/tex/latex/amsmath/amstext.sty
Package: amstext 2000/06/29 v2.01 AMS text
) (/usr/share/texlive/texmf-dist/tex/latex/amsmath/amsbsy.sty
Package: amsbsy 1999/11/29 v1.2d Bold Symbols
\pmbraise@=\dimen198
) (/usr/share/texlive/texmf-dist/tex/latex/amsmath/amsopn.sty
Package: amsopn 2016/03/08 v2.02 operator names
)
\inf@bad=\count357
LaTeX Info: Redefining \frac on input line 234.
\uproot@=\count358
\leftroot@=\count359
LaTeX Info: Redefining \overline on input line 399.
\classnum@=\count360
\DOTSCASE@=\count361
LaTeX Info: Redefining \ldots on input line 496.
LaTeX Info: Redefining \dots on input line 499.
LaTeX Info: Redefining \cdots on input line 620.
\Mathstrutbox@=\box98
\strutbox@=\box99
\big@size=\dimen199
LaTeX Font Info:    Redeclaring font encoding OML on input line 743.
LaTeX Font Info:    Redeclaring font encoding OMS on input line 744.
\macc@depth=\count362
\c@MaxMatrixCols=\count363
\dotsspace@=\muskip17
\c@parentequation=\count364
\dspbrk@lvl=\count365
\tag@help=\toks30
\row@=\count366
\column@=\count367
\maxfields@=\count368
\andhelp@=\toks31
\eqnshift@=\dimen256
\alignsep@=\dimen257
\tagshift@=\dimen258
\tagwidth@=\dimen259
\totwidth@=\dimen260
\lineht@=\dimen261
\@envbody=\toks32
\multlinegap=\skip258
\multlinetaggap=\skip259
\mathdisplay@stack=\toks33
LaTeX Info: Redefining \[ on input line 2923.
LaTeX Info: Redefining \] on input line 2924.
) (/usr/share/texlive/texmf-dist/tex/latex/substr/substr.sty
Package: substr 2009/10/20 v1.2 Handle substrings
\c@su@anzahl=\count369
) (/usr/share/texlive/texmf-dist/tex/latex/datatool/datatool-fp.sty
Package: datatool-fp 2019/09/27 v2.32 (NLCT)
 (/usr/share/texlive/texmf-dist/tex/latex/fp/fp.sty
Package: fp 1995/04/02
 `Fixed Point Package', Version 0.8, April 2, 1995 (C) Michael Mehlich (/usr/share/texlive/texmf-dist/tex/latex/fp/defpattern.sty
Package: defpattern 1994/10/12
\actioncount=\count370
) (/usr/share/texlive/texmf-dist/tex/latex/fp/fp-basic.sty
Package: fp-basic 1996/05/13
\FP@xs=\count371
\FP@xia=\count372
\FP@xib=\count373
\FP@xfa=\count374
\FP@xfb=\count375
\FP@rega=\count376
\FP@regb=\count377
\FP@regs=\count378
\FP@times=\count379
) (/usr/share/texlive/texmf-dist/tex/latex/fp/fp-addons.sty
Package: fp-addons 1995/03/15
) (/usr/share/texlive/texmf-dist/tex/latex/fp/fp-snap.sty
Package: fp-snap 1995/04/05
) (/usr/share/texlive/texmf-dist/tex/latex/fp/fp-exp.sty
Package: fp-exp 1995/04/03
) (/usr/share/texlive/texmf-dist/tex/latex/fp/fp-trigo.sty
Package: fp-trigo 1995/04/14
) (/usr/share/texlive/texmf-dist/tex/latex/fp/fp-pas.sty
Package: fp-pas 1994/08/29
) (/usr/share/texlive/texmf-dist/tex/latex/fp/fp-random.sty
Package: fp-random 1995/02/23
\FPseed=\count380
) (/usr/share/texlive/texmf-dist/tex/latex/fp/fp-eqn.sty
Package: fp-eqn 1995/04/03
) (/usr/share/texlive/texmf-dist/tex/latex/fp/fp-upn.sty
Package: fp-upn 1996/10/21
) (/usr/share/texlive/texmf-dist/tex/latex/fp/fp-eval.sty
Package: fp-eval 1995/04/03
)))
\@dtl@toks=\toks34
\@dtl@tmpcount=\count381
\dtl@tmplength=\skip260
\dtl@sortresult=\count382
\@dtl@numgrpsepcount=\count383
\@dtl@datatype=\count384
\dtl@codeA=\count385
\dtl@codeB=\count386
\@dtl@foreach@level=\count387
) (/usr/share/texlive/texmf-dist/tex/latex/glossaries/base/glossaries-compatible-307.sty
Package: glossaries-compatible-307 2020/03/19 v4.46 (NLCT)
)
\gls@level=\count388
\@gls@tmpb=\toks35
\gls@tmplen=\skip261


Package glossaries Warning: Overriding \printglossary on input line 5939.


Package glossaries Warning: Overriding `theglossary' environment on input line 6545.

\glskeylisttok=\toks36
\glslabeltok=\toks37
\glsshorttok=\toks38
\glslongtok=\toks39
(/usr/share/texlive/texmf-dist/tex/latex/glossaries/styles/glossary-hypernav.sty
Package: glossary-hypernav 2020/03/19 v4.46 (NLCT)
) (/usr/share/texlive/texmf-dist/tex/latex/glossaries/styles/glossary-list.sty
Package: glossary-list 2020/03/19 v4.46 (NLCT)
\glslistdottedwidth=\skip262
) (/usr/share/texlive/texmf-dist/tex/latex/glossaries/styles/glossary-long.sty
Package: glossary-long 2020/03/19 v4.46 (NLCT)
 (/usr/share/texlive/texmf-dist/tex/latex/tools/longtable.sty
Package: longtable 2020/01/07 v4.13 Multi-page Table package (DPC)
\LTleft=\skip263
\LTright=\skip264
\LTpre=\skip265
\LTpost=\skip266
\LTchunksize=\count389
\LTcapwidth=\dimen262
\LT@head=\box100
\LT@firsthead=\box101
\LT@foot=\box102
\LT@lastfoot=\box103
\LT@cols=\count390
\LT@rows=\count391
\c@LT@tables=\count392
\c@LT@chunks=\count393
\LT@p@ftn=\toks40
)
\glsdescwidth=\skip267
\glspagelistwidth=\skip268
) (/usr/share/texlive/texmf-dist/tex/latex/glossaries/styles/glossary-super.sty
Package: glossary-super 2020/03/19 v4.46 (NLCT)
 (/usr/share/texlive/texmf-dist/tex/latex/supertabular/supertabular.sty
Package: supertabular 2020/02/02 v4.1g the supertabular environment
\c@tracingst=\count394
\ST@wd=\dimen263
\ST@rightskip=\skip269
\ST@leftskip=\skip270
\ST@parfillskip=\skip271
\ST@pageleft=\dimen264
\ST@headht=\dimen265
\ST@tailht=\dimen266
\ST@pagesofar=\dimen267
\ST@pboxht=\dimen268
\ST@lineht=\dimen269
\ST@prevht=\dimen270
\ST@toadd=\dimen271
\ST@dimen=\dimen272
\ST@pbox=\box104
)) (/usr/share/texlive/texmf-dist/tex/latex/glossaries/styles/glossary-tree.sty
Package: glossary-tree 2020/03/19 v4.46 (NLCT)
\glstreeindent=\skip272
))
\glswrite=\write7
\glo@main@file=\write8
\openout8 = `thesis.glo'.

Package glossaries Info: Writing glossary file thesis.glo on input line 403.
) (/usr/share/texlive/texmf-dist/tex/latex/lipsum/lipsum.sty (/usr/share/texlive/texmf-dist/tex/latex/l3kernel/expl3.sty
Package: expl3 2021-05-07 L3 programming layer (loader) 
 (/usr/share/texlive/texmf-dist/tex/latex/l3backend/l3backend-pdftex.def
File: l3backend-pdftex.def 2021-05-07 L3 backend support: PDF output (pdfTeX)
\l__color_backend_stack_int=\count395
\l__pdf_internal_box=\box105
)) (/usr/share/texlive/texmf-dist/tex/latex/l3packages/xparse/xparse.sty (/usr/share/texlive/texmf-dist/tex/latex/l3packages/xparse/xparse-2020-10-01.sty (/usr/share/texlive/texmf-dist/tex/latex/l3packages/xparse/xparse-generic.tex)))
Package: lipsum 2021-03-03 v2.3 150 paragraphs of Lorem Ipsum dummy text
 (/usr/share/texlive/texmf-dist/tex/latex/lipsum/lipsum.ltd.tex
File: lipsum.ltd.tex 2021-03-03 v2.3 The Lorem ipsum dummy text
)) (/usr/share/texlive/texmf-dist/tex/latex/base/inputenc.sty
Package: inputenc 2020/08/01 v1.3d Input encoding file
\inpenc@prehook=\toks41
\inpenc@posthook=\toks42
) (/usr/share/texlive/texmf-dist/tex/latex/base/fontenc.sty
Package: fontenc 2020/08/10 v2.0s Standard LaTeX package
LaTeX Font Info:    Trying to load font information for T1+ptm on input line 112.
 (/usr/share/texlive/texmf-dist/tex/latex/psnfss/t1ptm.fd
File: t1ptm.fd 2001/06/04 font definitions for T1/ptm.
)) (/usr/share/texlive/texmf-dist/tex/latex/graphics/graphicx.sty
Package: graphicx 2020/09/09 v1.2b Enhanced LaTeX Graphics (DPC,SPQR)
 (/usr/share/texlive/texmf-dist/tex/latex/graphics/graphics.sty
Package: graphics 2020/08/30 v1.4c Standard LaTeX Graphics (DPC,SPQR)
 (/usr/share/texlive/texmf-dist/tex/latex/graphics/trig.sty
Package: trig 2016/01/03 v1.10 sin cos tan (DPC)
) (/usr/share/texlive/texmf-dist/tex/latex/graphics-cfg/graphics.cfg
File: graphics.cfg 2016/06/04 v1.11 sample graphics configuration
)
Package graphics Info: Driver file: pdftex.def on input line 105.
 (/usr/share/texlive/texmf-dist/tex/latex/graphics-def/pdftex.def
File: pdftex.def 2020/10/05 v1.2a Graphics/color driver for pdftex
))
\Gin@req@height=\dimen273
\Gin@req@width=\dimen274
) (/usr/share/texlive/texmf-dist/tex/latex/algorithms/algorithm.sty
Package: algorithm 2009/08/24 v0.1 Document Style `algorithm' - floating environment
 (/usr/share/texlive/texmf-dist/tex/latex/float/float.sty
Package: float 2001/11/08 v1.3d Float enhancements (AL)
\c@float@type=\count396
\float@exts=\toks43
\float@box=\box106
\@float@everytoks=\toks44
\@floatcapt=\box107
)
\@float@every@algorithm=\toks45
\c@algorithm=\count397
) (/usr/share/texlive/texmf-dist/tex/latex/algorithmicx/algpseudocode.sty
Package: algpseudocode 
 (/usr/share/texlive/texmf-dist/tex/latex/algorithmicx/algorithmicx.sty
Package: algorithmicx 2005/04/27 v1.2 Algorithmicx

Document Style algorithmicx 1.2 - a greatly improved `algorithmic' style
\c@ALG@line=\count398
\c@ALG@rem=\count399
\c@ALG@nested=\count400
\ALG@tlm=\skip273
\ALG@thistlm=\skip274
\c@ALG@Lnr=\count401
\c@ALG@blocknr=\count402
\c@ALG@storecount=\count403
\c@ALG@tmpcounter=\count404
\ALG@tmplength=\skip275
)
Document Style - pseudocode environments for use with the `algorithmicx' style
) (/usr/share/texlive/texmf-dist/tex/latex/amsfonts/amsfonts.sty
Package: amsfonts 2013/01/14 v3.01 Basic AMSFonts support
\symAMSa=\mathgroup6
\symAMSb=\mathgroup7
LaTeX Font Info:    Overwriting math alphabet `\mathfrak' in version `bold'
(Font)                  U/euf/m/n --> U/euf/b/n on input line 106.
) (/usr/share/texlive/texmf-dist/tex/latex/placeins/placeins.sty
Package: placeins 2005/04/18  v 2.2
) (/usr/share/texlive/texmf-dist/tex/latex/amsfonts/amssymb.sty
Package: amssymb 2013/01/14 v3.01 AMS font symbols
) (./myacronyms.tex) (/usr/share/texlive/texmf-dist/tex/latex/ragged2e/ragged2e.sty
Package: ragged2e 2021/02/05 v3.0 ragged2e Package
 (/usr/share/texlive/texmf-dist/tex/latex/everysel/everysel.sty
Package: everysel 2021/01/20 v2.1 EverySelectfont Package (MS)
 (/usr/share/texlive/texmf-dist/tex/latex/everysel/everysel-2011-10-28.sty))
\CenteringLeftskip=\skip276
\RaggedLeftLeftskip=\skip277
\RaggedRightLeftskip=\skip278
\CenteringRightskip=\skip279
\RaggedLeftRightskip=\skip280
\RaggedRightRightskip=\skip281
\CenteringParfillskip=\skip282
\RaggedLeftParfillskip=\skip283
\RaggedRightParfillskip=\skip284
\JustifyingParfillskip=\skip285
\CenteringParindent=\skip286
\RaggedLeftParindent=\skip287
\RaggedRightParindent=\skip288
\JustifyingParindent=\skip289
) (./thesis.aux (./chapter-1-intro.aux) (./chapter-2-lit-review.aux) (./chapter-3-theory.aux) (./chapter-4-methodology.aux) (./chapter-5-conclusion.aux) (./sample-appen-manual.aux) (./sample-appen-try.aux))
\openout1 = `thesis.aux'.

LaTeX Font Info:    Checking defaults for OML/cmm/m/it on input line 23.
LaTeX Font Info:    ... okay on input line 23.
LaTeX Font Info:    Checking defaults for OMS/cmsy/m/n on input line 23.
LaTeX Font Info:    ... okay on input line 23.
LaTeX Font Info:    Checking defaults for OT1/cmr/m/n on input line 23.
LaTeX Font Info:    ... okay on input line 23.
LaTeX Font Info:    Checking defaults for T1/cmr/m/n on input line 23.
LaTeX Font Info:    ... okay on input line 23.
LaTeX Font Info:    Checking defaults for TS1/cmr/m/n on input line 23.
LaTeX Font Info:    ... okay on input line 23.
LaTeX Font Info:    Checking defaults for OMX/cmex/m/n on input line 23.
LaTeX Font Info:    ... okay on input line 23.
LaTeX Font Info:    Checking defaults for U/cmr/m/n on input line 23.
LaTeX Font Info:    ... okay on input line 23.
LaTeX Font Info:    Checking defaults for PD1/pdf/m/n on input line 23.
LaTeX Font Info:    ... okay on input line 23.
LaTeX Font Info:    Checking defaults for PU/pdf/m/n on input line 23.
LaTeX Font Info:    ... okay on input line 23.
 (/usr/share/texlive/texmf-dist/tex/latex/fmtcount/fc-english.def
File: fc-english.def 2016/01/12
)
Package hyperref Info: Link coloring OFF on input line 23.
 (/usr/share/texlive/texmf-dist/tex/latex/hyperref/nameref.sty
Package: nameref 2021-04-02 v2.47 Cross-referencing by name of section
 (/usr/share/texlive/texmf-dist/tex/latex/refcount/refcount.sty
Package: refcount 2019/12/15 v3.6 Data extraction from label references (HO)
) (/usr/share/texlive/texmf-dist/tex/generic/gettitlestring/gettitlestring.sty
Package: gettitlestring 2019/12/15 v1.6 Cleanup title references (HO)
)
\c@section@level=\count405
)
Redoing nameref's sectioning
Redoing nameref's label
LaTeX Info: Redefining \nameref on input line 23.
LaTeX Info: Redefining \ref on input line 23.
LaTeX Info: Redefining \pageref on input line 23.
LaTeX Info: Redefining \nameref on input line 23.
(./thesis.out) (./thesis.out)
\@outlinefile=\write9
\openout9 = `thesis.out'.

\c@maskedRefs=\count406
 (/usr/share/texlive/texmf-dist/tex/latex/apacite/english.apc
File: english.apc 2013/07/21 v6.03 apacite language file
LaTeX Info: Redefining \BPBI on input line 129.
LaTeX Info: Redefining \BHBI on input line 130.
) (/usr/share/texlive/texmf-dist/tex/context/base/mkii/supp-pdf.mkii
[Loading MPS to PDF converter (version 2006.09.02).]
\scratchcounter=\count407
\scratchdimen=\dimen275
\scratchbox=\box108
\nofMPsegments=\count408
\nofMParguments=\count409
\everyMPshowfont=\toks46
\MPscratchCnt=\count410
\MPscratchDim=\dimen276
\MPnumerator=\count411
\makeMPintoPDFobject=\count412
\everyMPtoPDFconversion=\toks47
) (/usr/share/texlive/texmf-dist/tex/latex/epstopdf-pkg/epstopdf-base.sty
Package: epstopdf-base 2020-01-24 v2.11 Base part for package epstopdf
Package epstopdf-base Info: Redefining graphics rule for `.eps' on input line 485.
 (/usr/share/texlive/texmf-dist/tex/latex/latexconfig/epstopdf-sys.cfg
File: epstopdf-sys.cfg 2010/07/13 v1.3 Configuration of (r)epstopdf for TeX Live
)) ABD: EverySelectfont initializing macros
LaTeX Info: Redefining \selectfont on input line 23.
 [1

\openout7 = `thesis.ist'.


{/usr/share/texlive/texmf-var/fonts/map/pdftex/updmap/pdftex.map}]pdfTeX warning (ext4): destination with the same identifier (name{page.i}) has been already used, duplicate ignored
<to be read again> 
                   \relax 
l.25 \makecoverandtitlepage
                            [1


]pdfTeX warning (ext4): destination with the same identifier (name{page.i}) has been already used, duplicate ignored
<to be read again> 
                   \relax 
l.25 \makecoverandtitlepage
                            [1

]
LaTeX Font Info:    Calculating math sizes for size <14> on input line 26.
LaTeX Font Info:    Trying to load font information for OT1+ztmcm on input line 26.
 (/usr/share/texlive/texmf-dist/tex/latex/psnfss/ot1ztmcm.fd
File: ot1ztmcm.fd 2000/01/03 Fontinst v1.801 font definitions for OT1/ztmcm.
)
LaTeX Font Info:    Trying to load font information for OML+ztmcm on input line 26.
 (/usr/share/texlive/texmf-dist/tex/latex/psnfss/omlztmcm.fd
File: omlztmcm.fd 2000/01/03 Fontinst v1.801 font definitions for OML/ztmcm.
)
LaTeX Font Info:    Trying to load font information for OMS+ztmcm on input line 26.
 (/usr/share/texlive/texmf-dist/tex/latex/psnfss/omsztmcm.fd
File: omsztmcm.fd 2000/01/03 Fontinst v1.801 font definitions for OMS/ztmcm.
)
LaTeX Font Info:    Trying to load font information for OMX+ztmcm on input line 26.
 (/usr/share/texlive/texmf-dist/tex/latex/psnfss/omxztmcm.fd
File: omxztmcm.fd 2000/01/03 Fontinst v1.801 font definitions for OMX/ztmcm.
)
LaTeX Font Info:    Trying to load font information for OT1+ptm on input line 26.
 (/usr/share/texlive/texmf-dist/tex/latex/psnfss/ot1ptm.fd
File: ot1ptm.fd 2001/06/04 font definitions for OT1/ptm.
)
LaTeX Font Info:    Font shape `OT1/ptm/bx/n' in size <14> not available
(Font)              Font shape `OT1/ptm/b/n' tried instead on input line 26.
LaTeX Font Info:    Font shape `OT1/ptm/bx/n' in size <10.36008> not available
(Font)              Font shape `OT1/ptm/b/n' tried instead on input line 26.
LaTeX Font Info:    Font shape `OT1/ptm/bx/n' in size <8.40009> not available
(Font)              Font shape `OT1/ptm/b/n' tried instead on input line 26.
LaTeX Font Info:    Trying to load font information for TS1+ptm on input line 26.
 (/usr/share/texlive/texmf-dist/tex/latex/psnfss/ts1ptm.fd
File: ts1ptm.fd 2001/06/04 font definitions for TS1/ptm.
) [2

]
\siglinelength=\skip290
 [3


] [4


] [5] (./abstract.tex) [6

] (./thesis.toc
LaTeX Font Info:    Font shape `OT1/ptm/bx/n' in size <12> not available
(Font)              Font shape `OT1/ptm/b/n' tried instead on input line 2.
LaTeX Font Info:    Font shape `OT1/ptm/bx/n' in size <9> not available
(Font)              Font shape `OT1/ptm/b/n' tried instead on input line 2.
LaTeX Font Info:    Font shape `OT1/ptm/bx/n' in size <7> not available
(Font)              Font shape `OT1/ptm/b/n' tried instead on input line 2.
 [7

]) [8] [9] (./thesis.lot) [10

] (./thesis.lof [11

]) [12] (./preface.tex) [13


]
\openout2 = `chapter-1-intro.aux'.

 (./chapter-1-intro.tex [1



]
<images/semantic segmentation example.jpg, id=456, 1103.03pt x 394.2pt>
File: images/semantic segmentation example.jpg Graphic file (type jpg)
<use images/semantic segmentation example.jpg>
Package pdftex.def Info: images/semantic segmentation example.jpg  used on input line 14.
(pdftex.def)             Requested size: 341.43085pt x 170.71773pt.
<images/airport object detection.jpeg, id=457, 1405.25pt x 1356.06625pt>
File: images/airport object detection.jpeg Graphic file (type jpg)
<use images/airport object detection.jpeg>
Package pdftex.def Info: images/airport object detection.jpeg  used on input line 21.
(pdftex.def)             Requested size: 256.06467pt x 142.25665pt.
 [2pdfTeX warning (ext4): destination with the same identifier (name{figure.1.1}) has been already used, duplicate ignored
<argument> ...shipout:D \box_use:N \l_shipout_box 
                                                  
l.30 
      <./images/semantic segmentation example.jpg>] [3pdfTeX warning (ext4): destination with the same identifier (name{figure.1.2}) has been already used, duplicate ignored
<argument> ...shipout:D \box_use:N \l_shipout_box 
                                                  
l.36 
      <./images/airport object detection.jpeg>] [4pdfTeX warning (ext4): destination with the same identifier (name{table.1.1}) has been already used, duplicate ignored
<argument> ...shipout:D \box_use:N \l_shipout_box 
                                                  
l.58 
     ] [5]
Overfull \hbox (0.11115pt too wide) in paragraph at lines 72--73
\T1/ptm/m/n/12 cern-ing schedul-ing, re-source plan-ning, pro-cure-ment, claim res-o-lu-tion, and safety
 []

[6] [7]) [8]
\openout2 = `chapter-2-lit-review.aux'.

 (./chapter-2-lit-review.tex

LaTeX Warning: No positions in optional float specifier.
               Default added (so using `tbp') on input line 10.


Overfull \hbox (58.3089pt too wide) in paragraph at lines 11--27
[][]
 []

[9




] [10pdfTeX warning (ext4): destination with the same identifier (name{table.2.1}) has been already used, duplicate ignored
<argument> ...shipout:D \box_use:N \l_shipout_box 
                                                  
l.37 
     ]
<images/potsdam-image.png, id=537, 6022.5pt x 6022.5pt>
File: images/potsdam-image.png Graphic file (type png)
<use images/potsdam-image.png>
Package pdftex.def Info: images/potsdam-image.png  used on input line 49.
(pdftex.def)             Requested size: 327.14917pt x 199.13826pt.
<images/potsdam-mask.png, id=538, 1445.4pt x 1445.4pt>
File: images/potsdam-mask.png Graphic file (type png)
<use images/potsdam-mask.png>
Package pdftex.def Info: images/potsdam-mask.png  used on input line 56.
(pdftex.def)             Requested size: 327.20798pt x 199.15665pt.
<images/vaihingen-image.png, id=539, 2003.485pt x 2002.48125pt>
File: images/vaihingen-image.png Graphic file (type png)
<use images/vaihingen-image.png>
Package pdftex.def Info: images/vaihingen-image.png  used on input line 63.
(pdftex.def)             Requested size: 327.19798pt x 199.15987pt.
<images/vaihingen-mask.png, id=540, 2003.485pt x 2002.48125pt>
File: images/vaihingen-mask.png Graphic file (type png)
<use images/vaihingen-mask.png>
Package pdftex.def Info: images/vaihingen-mask.png  used on input line 70.
(pdftex.def)             Requested size: 327.19798pt x 199.15987pt.
 [11] [12pdfTeX warning (ext4): destination with the same identifier (name{figure.2.1}) has been already used, duplicate ignored
<argument> ...shipout:D \box_use:N \l_shipout_box 
                                                  
l.76 \FloatBarrier
                  pdfTeX warning (ext4): destination with the same identifier (name{figure.2.2}) has been already used, duplicate ignored
<argument> ...shipout:D \box_use:N \l_shipout_box 
                                                  
l.76 \FloatBarrier
                   <./images/potsdam-image.png> <./images/potsdam-mask.png>] [13pdfTeX warning (ext4): destination with the same identifier (name{figure.2.3}) has been already used, duplicate ignored
<argument> ...shipout:D \box_use:N \l_shipout_box 
                                                  
l.76 \FloatBarrier
                  pdfTeX warning (ext4): destination with the same identifier (name{figure.2.4}) has been already used, duplicate ignored
<argument> ...shipout:D \box_use:N \l_shipout_box 
                                                  
l.76 \FloatBarrier
                   <./images/vaihingen-image.png> <./images/vaihingen-mask.png>]
<images/loveda-image.png, id=567, 1027.84pt x 1027.84pt>
File: images/loveda-image.png Graphic file (type png)
<use images/loveda-image.png>
Package pdftex.def Info: images/loveda-image.png  used on input line 84.
(pdftex.def)             Requested size: 327.20601pt x 199.16547pt.
 [14

pdfTeX warning (ext4): destination with the same identifier (name{figure.2.5}) has been already used, duplicate ignored
<argument> ...shipout:D \box_use:N \l_shipout_box 
                                                  
l.95 
      <./images/loveda-image.png (PNG copy)>]
<images/gid image.png, id=578, 7227.0pt x 6825.5pt>
File: images/gid image.png Graphic file (type png)
<use images/gid image.png>
Package pdftex.def Info: images/gid image.png  used on input line 98.
(pdftex.def)             Requested size: 327.18593pt x 199.13214pt.
<images/gid mask.png, id=579, 7227.0pt x 6825.5pt>
File: images/gid mask.png Graphic file (type png)
<use images/gid mask.png>
Package pdftex.def Info: images/gid mask.png  used on input line 105.
(pdftex.def)             Requested size: 327.18593pt x 199.13214pt.
 [15pdfTeX warning (ext4): destination with the same identifier (name{figure.2.6}) has been already used, duplicate ignored
<argument> ...shipout:D \box_use:N \l_shipout_box 
                                                  
l.110 \FloatBarrier
                    <./images/gid image.png>] [16pdfTeX warning (ext4): destination with the same identifier (name{figure.2.7}) has been already used, duplicate ignored
<argument> ...shipout:D \box_use:N \l_shipout_box 
                                                  
l.122     \item B
                 arren land: Mountain, rock, dessert, beach, land with no ve... <./images/gid mask.png>]
<images/deepglobe_img.jpg, id=602, 2457.18pt x 2457.18pt>
File: images/deepglobe_img.jpg Graphic file (type jpg)
<use images/deepglobe_img.jpg>
Package pdftex.def Info: images/deepglobe_img.jpg  used on input line 131.
(pdftex.def)             Requested size: 327.20576pt x 199.16547pt.
<images/deepglobe_mask.png, id=603, 2457.18pt x 2457.18pt>
File: images/deepglobe_mask.png Graphic file (type png)
<use images/deepglobe_mask.png>
Package pdftex.def Info: images/deepglobe_mask.png  used on input line 138.
(pdftex.def)             Requested size: 327.20576pt x 199.16547pt.
 [17pdfTeX warning (ext4): destination with the same identifier (name{figure.2.8}) has been already used, duplicate ignored
<argument> ...shipout:D \box_use:N \l_shipout_box 
                                                  
l.143 \FloatBarrier
                    <./images/deepglobe_img.jpg>] [18pdfTeX warning (ext4): destination with the same identifier (name{figure.2.9}) has been already used, duplicate ignored
<argument> ...shipout:D \box_use:N \l_shipout_box 
                                                  
l.157 
       <./images/deepglobe_mask.png (PNG copy)>]
<images/hog.png, id=617, 599.23875pt x 256.96pt>
File: images/hog.png Graphic file (type png)
<use images/hog.png>
Package pdftex.def Info: images/hog.png  used on input line 162.
(pdftex.def)             Requested size: 341.44162pt x 170.7194pt.
 [19]
<images/sift_keypoints.jpg, id=632, 451.6875pt x 339.2675pt>
File: images/sift_keypoints.jpg Graphic file (type jpg)
<use images/sift_keypoints.jpg>
Package pdftex.def Info: images/sift_keypoints.jpg  used on input line 171.
(pdftex.def)             Requested size: 341.45273pt x 213.3928pt.
 [20pdfTeX warning (ext4): destination with the same identifier (name{figure.2.10}) has been already used, duplicate ignored
<argument> ...shipout:D \box_use:N \l_shipout_box 
                                                  
l.183 
       <./images/hog.png>] [21pdfTeX warning (ext4): destination with the same identifier (name{figure.2.11}) has been already used, duplicate ignored
<argument> ...shipout:D \box_use:N \l_shipout_box 
                                                  
l.189 
       <./images/sift_keypoints.jpg>] [22]
./chapter-2-lit-review.tex:218: Missing } inserted.
<inserted text> 
                }
l.218 \end{equation*}
                     
I've inserted something that you may have forgotten.
(See the <inserted text> above.)
With luck, this will get me unwedged. But if you
really didn't forget anything, try typing `2' now; then
my insertion and my current dilemma will both disappear.

[23] [24] [25]
<images/unet.png, id=700, 1560.83125pt x 1039.885pt>
File: images/unet.png Graphic file (type png)
<use images/unet.png>
Package pdftex.def Info: images/unet.png  used on input line 249.
(pdftex.def)             Requested size: 298.75212pt x 199.16693pt.
 [26] [27pdfTeX warning (ext4): destination with the same identifier (name{figure.2.12}) has been already used, duplicate ignored
<argument> ...shipout:D \box_use:N \l_shipout_box 
                                                  
l.258 
       <./images/unet.png>]
<images/attention-unet.png, id=731, 853.1875pt x 388.45125pt>
File: images/attention-unet.png Graphic file (type png)
<use images/attention-unet.png>
Package pdftex.def Info: images/attention-unet.png  used on input line 260.
(pdftex.def)             Requested size: 298.7633pt x 199.17441pt.
 [28pdfTeX warning (ext4): destination with the same identifier (name{figure.2.13}) has been already used, duplicate ignored
<argument> ...shipout:D \box_use:N \l_shipout_box 
                                                  
l.268 S
       patial Attention U-Net (SA-Unet) \cite{improved-unet} uses atrous spa... <./images/attention-unet.png>]
<images/maunet.png, id=746, 552.0625pt x 298.11375pt>
File: images/maunet.png Graphic file (type png)
<use images/maunet.png>
Package pdftex.def Info: images/maunet.png  used on input line 271.
(pdftex.def)             Requested size: 298.76636pt x 199.17111pt.
 [29pdfTeX warning (ext4): destination with the same identifier (name{figure.2.14}) has been already used, duplicate ignored
<argument> ...shipout:D \box_use:N \l_shipout_box 
                                                  
l.280 
       <./images/maunet.png>]
Overfull \hbox (0.95163pt too wide) in paragraph at lines 286--287
\T1/ptm/m/n/12 cru-cial to cap-ture both lo-cal and global in-for-ma-tion. GLTB is made up of a global^^Ulocal
 []

[30]
<images/unetformer.jpg, id=768, 369.66425pt x 369.66425pt>
File: images/unetformer.jpg Graphic file (type jpg)
<use images/unetformer.jpg>
Package pdftex.def Info: images/unetformer.jpg  used on input line 292.
(pdftex.def)             Requested size: 298.75517pt x 199.1701pt.
<images/gltb.png, id=769, 668.4975pt x 568.1225pt>
File: images/gltb.png Graphic file (type png)
<use images/gltb.png>
Package pdftex.def Info: images/gltb.png  used on input line 299.
(pdftex.def)             Requested size: 298.7606pt x 199.1666pt.
 [31pdfTeX warning (ext4): destination with the same identifier (name{figure.2.15}) has been already used, duplicate ignored
<argument> ...shipout:D \box_use:N \l_shipout_box 
                                                  
l.307 
      pdfTeX warning (ext4): destination with the same identifier (name{figure.2.16}) has been already used, duplicate ignored
<argument> ...shipout:D \box_use:N \l_shipout_box 
                                                  
l.307 
       <./images/unetformer.jpg> <./images/gltb.png>]
<images/frh.jpg, id=778, 355.59398pt x 301.87115pt>
File: images/frh.jpg Graphic file (type jpg)
<use images/frh.jpg>
Package pdftex.def Info: images/frh.jpg  used on input line 313.
(pdftex.def)             Requested size: 298.77829pt x 199.17569pt.
 [32]

LaTeX Warning: Citation `lanet' undefined on input line 322.

<images/lanet.png, id=786, 829.0975pt x 539.01375pt>
File: images/lanet.png Graphic file (type png)
<use images/lanet.png>
Package pdftex.def Info: images/lanet.png  used on input line 326.
(pdftex.def)             Requested size: 355.65736pt x 270.304pt.
[33pdfTeX warning (ext4): destination with the same identifier (name{figure.2.17}) has been already used, duplicate ignored
<argument> ...shipout:D \box_use:N \l_shipout_box 
                                                  
l.332 \FloatBarrier
                    <./images/frh.jpg>]
<images/pam.png, id=793, 829.0975pt x 539.01375pt>
File: images/pam.png Graphic file (type png)
<use images/pam.png>
Package pdftex.def Info: images/pam.png  used on input line 342.
(pdftex.def)             Requested size: 270.30112pt x 128.03354pt.
 [34pdfTeX warning (ext4): destination with the same identifier (name{figure.2.18}) has been already used, duplicate ignored
<argument> ...shipout:D \box_use:N \l_shipout_box 
                                                  
l.347 \FloatBarrier
                    <./images/lanet.png>]
<images/aem.png, id=802, 829.0975pt x 539.01375pt>
File: images/aem.png Graphic file (type png)
<use images/aem.png>
Package pdftex.def Info: images/aem.png  used on input line 353.
(pdftex.def)             Requested size: 270.30112pt x 128.03354pt.
 [35pdfTeX warning (ext4): destination with the same identifier (name{figure.2.19}) has been already used, duplicate ignored
<argument> ...shipout:D \box_use:N \l_shipout_box 
                                                  
l.358 \FloatBarrier
                    <./images/pam.png>]
<images/dc-swin.png, id=810, 853.1875pt x 562.1pt>
File: images/dc-swin.png Graphic file (type png)
<use images/dc-swin.png>
Package pdftex.def Info: images/dc-swin.png  used on input line 366.
(pdftex.def)             Requested size: 355.6675pt x 184.93607pt.

./chapter-2-lit-review.tex:372: Missing number, treated as zero.
<to be read again> 
                   $
l.372 ...ges are processed by a standard 1 $\time$
                                                   1 convolution to generate...
A number should have been here; I inserted `0'.
(If you can't figure out why I needed to see a number,
look up `weird error' in the index to The TeXbook.)

[36pdfTeX warning (ext4): destination with the same identifier (name{figure.2.20}) has been already used, duplicate ignored
<argument> ...shipout:D \box_use:N \l_shipout_box 
                                                  
l.373 
      pdfTeX warning (ext4): destination with the same identifier (name{figure.2.21}) has been already used, duplicate ignored
<argument> ...shipout:D \box_use:N \l_shipout_box 
                                                  
l.373 
       <./images/aem.png> <./images/dc-swin.png>] [37]
<images/banet.jpg, id=828, 552.0625pt x 387.4475pt>
File: images/banet.jpg Graphic file (type jpg)
<use images/banet.jpg>
Package pdftex.def Info: images/banet.jpg  used on input line 388.
(pdftex.def)             Requested size: 355.67744pt x 184.944pt.


LaTeX Warning: Reference `fig:unetswin ' on page 38 undefined on input line 396.

[38pdfTeX warning (ext4): destination with the same identifier (name{figure.2.22}) has been already used, duplicate ignored
<argument> ...shipout:D \box_use:N \l_shipout_box 
                                                  
l.397 
       <./images/banet.jpg>]
<images/unet-trasnformer.jpg, id=836, 337.21182pt x 204.23502pt>
File: images/unet-trasnformer.jpg Graphic file (type jpg)
<use images/unet-trasnformer.jpg>
Package pdftex.def Info: images/unet-trasnformer.jpg  used on input line 400.
(pdftex.def)             Requested size: 355.68309pt x 184.94106pt.

./chapter-2-lit-review.tex:409: Undefined control sequence.
l.409     Attention(Q,K,V) = Softmax(\fraction
                                              {att(QK^T)}{\sqrt{d_k}}+B)V
The control sequence at the end of the top line
of your error message was never \def'ed. If you have
misspelled it (e.g., `\hobx'), type `I' and the correct
spelling (e.g., `I\hbox'). Otherwise just continue,
and I'll forget about whatever was undefined.

[39pdfTeX warning (ext4): destination with the same identifier (name{figure.2.23}) has been already used, duplicate ignored
<argument> ...shipout:D \box_use:N \l_shipout_box 
                                                  
l.418     T
           here are two aspects that gives a vision transformer general mode... <./images/unet-trasnformer.jpg>] [40]
<images/scaling.png, id=870, 469.755pt x 305.4612pt>
File: images/scaling.png Graphic file (type png)
<use images/scaling.png>
Package pdftex.def Info: images/scaling.png  used on input line 436.
(pdftex.def)             Requested size: 284.5288pt x 184.94675pt.
) [41] [42pdfTeX warning (ext4): destination with the same identifier (name{figure.2.24}) has been already used, duplicate ignored
<argument> ...shipout:D \box_use:N \l_shipout_box 
                                                  
l.44 \include{chapter-2-lit-review}
                                    <./images/scaling.png>]
\openout2 = `chapter-3-theory.aux'.

 (./chapter-3-theory.tex [43




]
<images/Rosenblattperceptron.png, id=889, 602.25pt x 286.06876pt>
File: images/Rosenblattperceptron.png Graphic file (type png)
<use images/Rosenblattperceptron.png>
Package pdftex.def Info: images/Rosenblattperceptron.png  used on input line 14.
(pdftex.def)             Requested size: 298.76253pt x 156.49147pt.
 [44pdfTeX warning (ext4): destination with the same identifier (name{figure.3.1}) has been already used, duplicate ignored
<argument> ...shipout:D \box_use:N \l_shipout_box 
                                                  
l.24 L
      eCun et al. also showed the advantages of deep learning through more c... <./images/Rosenblattperceptron.png>] [45] [46]
<images/vision transformer.png, id=916, 770.88pt x 582.175pt>
File: images/vision transformer.png Graphic file (type png)
<use images/vision transformer.png>
Package pdftex.def Info: images/vision transformer.png  used on input line 53.
(pdftex.def)             Requested size: 384.10988pt x 256.07784pt.
 [47]
<images/swin-architecture.jpg, id=924, 339.2675pt x 370.38374pt>
File: images/swin-architecture.jpg Graphic file (type jpg)
<use images/swin-architecture.jpg>
Package pdftex.def Info: images/swin-architecture.jpg  used on input line 65.
(pdftex.def)             Requested size: 270.3117pt x 199.17345pt.
<images/swin-cyclic-shift.jpg, id=925, 722.7pt x 209.78375pt>
File: images/swin-cyclic-shift.jpg Graphic file (type jpg)
<use images/swin-cyclic-shift.jpg>
Package pdftex.def Info: images/swin-cyclic-shift.jpg  used on input line 72.
(pdftex.def)             Requested size: 384.10986pt x 156.48914pt.
 [48pdfTeX warning (ext4): destination with the same identifier (name{figure.3.2}) has been already used, duplicate ignored
<argument> ...shipout:D \box_use:N \l_shipout_box 
                                                  
l.78 \FloatBarrier
                  pdfTeX warning (ext4): destination with the same identifier (name{figure.3.3}) has been already used, duplicate ignored
<argument> ...shipout:D \box_use:N \l_shipout_box 
                                                  
l.78 \FloatBarrier
                   <./images/vision transformer.png> <./images/swin-architecture.jpg>]
<images/swin1-vs-swin2.jpg, id=931, 722.7pt x 433.62pt>
File: images/swin1-vs-swin2.jpg Graphic file (type jpg)
<use images/swin1-vs-swin2.jpg>
Package pdftex.def Info: images/swin1-vs-swin2.jpg  used on input line 80.
(pdftex.def)             Requested size: 384.10986pt x 270.31049pt.
 [49pdfTeX warning (ext4): destination with the same identifier (name{figure.3.4}) has been already used, duplicate ignored
<argument> ...shipout:D \box_use:N \l_shipout_box 
                                                  
l.104     \item
                \textit{Incomplete supervision} - The dataset is small and i...pdfTeX warning (ext4): destination with the same identifier (name{figure.3.5}) has been already used, duplicate ignored
<argument> ...shipout:D \box_use:N \l_shipout_box 
                                                  
l.104     \item
                \textit{Incomplete supervision} - The dataset is small and i... <./images/swin-cyclic-shift.jpg> <./images/swin1-vs-swin2.jpg>]) [50]
\openout2 = `chapter-4-methodology.aux'.

 (./chapter-4-methodology.tex) [51




]
\openout2 = `chapter-5-conclusion.aux'.

 (./chapter-5-conclusion.tex) [52




]
\openout2 = `sample-appen-manual.aux'.

 (./sample-appen-manual.tex) [53




]
\openout2 = `sample-appen-try.aux'.

 (./sample-appen-try.tex) [54




] (./thesis.bbl
LaTeX Font Info:    Trying to load font information for T1+lmvtt on input line 57.
 (/usr/share/texlive/texmf-dist/tex/latex/lm/t1lmvtt.fd
File: t1lmvtt.fd 2015/05/01 v1.6.1 Font defs for Latin Modern
)
LaTeX Font Info:    Font shape `OT1/ptm/bx/n' in size <10> not available
(Font)              Font shape `OT1/ptm/b/n' tried instead on input line 57.
LaTeX Font Info:    Font shape `OT1/ptm/bx/n' in size <7.4> not available
(Font)              Font shape `OT1/ptm/b/n' tried instead on input line 57.
LaTeX Font Info:    Font shape `OT1/ptm/bx/n' in size <6> not available
(Font)              Font shape `OT1/ptm/b/n' tried instead on input line 57.
 [55




]
Underfull \hbox (badness 3482) in paragraph at lines 278--300
[]\T1/ptm/m/n/10 Krizhevsky, A., Sutskever, I., & Hin-ton, G. E.  (2012).  Im-a-genet clas-si-fi-ca-tion with
 []


Underfull \hbox (badness 1033) in paragraph at lines 278--300
\T1/ptm/m/n/10 deep con-vo-lu-tional neu-ral net-works.  In F. Pereira, C. Burges, L. Bot-tou, & K. Wein-
 []


Underfull \hbox (badness 4048) in paragraph at lines 278--300
\T1/ptm/m/n/10 berger (Eds.[]), \T1/ptm/m/it/10 Ad-vances in neu-ral in-for-ma-tion pro-cess-ing sys-tems \T1/ptm/m/n/10 (Vol.[] 25).  Cur-
 []


Underfull \hbox (badness 10000) in paragraph at lines 315--337
\T1/ptm/m/n/10 from []$\T1/lmvtt/m/n/10 https :// go [] .openathens [] .net / redirector / mmu [] .edu [] .my [] ?url = {UrlEncode(https ://
 []


Underfull \hbox (badness 10000) in paragraph at lines 315--337
\T1/lmvtt/m/n/10 search [] .ebscohost [] .com / login [] .aspx [] ?direct = true&AuthType = shib&db = edseee&AN =
 []

[56] [57] [58]
Underfull \hbox (badness 1460) in paragraph at lines 942--964
\T1/ptm/m/n/10 De-tec-tion of water-bodies us-ing se-man-tic seg-men-ta-tion.  \T1/ptm/m/it/10 2018 In-ter-na-tional Con-fer-ence
 []


Underfull \hbox (badness 2213) in paragraph at lines 942--964
\T1/ptm/m/it/10 on Sig-nal Pro-cess-ing and In-for-ma-tion Se-cu-rity (IC-SPIS), Sig-nal Pro-cess-ing and In-for-
 []


Underfull \hbox (badness 2134) in paragraph at lines 942--964
\T1/ptm/m/it/10 ma-tion Se-cu-rity (IC-SPIS), 2018 In-ter-na-tional Con-fer-ence on\T1/ptm/m/n/10 , 1 - 4.  Re-trieved from
 []


Underfull \hbox (badness 10000) in paragraph at lines 942--964
[]$\T1/lmvtt/m/n/10 https :// go [] .openathens [] .net / redirector / mmu [] .edu [] .my [] ?url = {UrlEncode(https ://
 []


Underfull \hbox (badness 10000) in paragraph at lines 942--964
\T1/lmvtt/m/n/10 search [] .ebscohost [] .com / login [] .aspx [] ?direct = true&AuthType = shib&db = edseee&AN =
 []

[59] [60])
No file thesis.gls.
[61] (./thesis.ent) (./thesis.ind) (./own.bbl [62

]

LaTeX Warning: Empty `thebibliography' environment on input line 3.

)
\openout4 = `thesis.ent'.

 [63

] [64

]
\tf@toc=\write10
\openout10 = `thesis.toc'.

\tf@lot=\write11
\openout11 = `thesis.lot'.

\tf@lof=\write12
\openout12 = `thesis.lof'.

 (./thesis.aux (./chapter-1-intro.aux) (./chapter-2-lit-review.aux) (./chapter-3-theory.aux) (./chapter-4-methodology.aux) (./chapter-5-conclusion.aux) (./sample-appen-manual.aux) (./sample-appen-try.aux))

LaTeX Warning: There were undefined references.


LaTeX Warning: Label(s) may have changed. Rerun to get cross-references right.

Package rerunfilecheck Info: File `thesis.out' has not changed.
(rerunfilecheck)             Checksum: 1D8C1405043F2B600994594C81267235;11829.
 ) 
Here is how much of TeX's memory you used:
 20156 strings out of 480806
 300137 string characters out of 5905151
 839025 words of memory out of 6000000
 36770 multiletter control sequences out of 15000+600000
 487768 words of font info for 156 fonts, out of 8000000 for 9000
 14 hyphenation exceptions out of 8191
 106i,13n,105p,1626b,474s stack positions out of 5000i,500n,10000p,200000b,80000s
pdfTeX warning (dest): name{cite.lanet} has been referenced but does not exist, replaced by a fixed one

{/usr/share/texlive/texmf-dist/fonts/enc/dvips/lm/lm-ec.enc}{/usr/share/texlive/texmf-dist/fonts/enc/dvips/base/8r.enc}</usr/share/texlive/texmf-dist/fonts/type1/public/amsfonts/cm/cmex10.pfb></usr/share/texlive/texmf-dist/fonts/type1/public/amsfonts/cm/cmmi10.pfb></usr/share/texlive/texmf-dist/fonts/type1/public/amsfonts/cm/cmr10.pfb></usr/share/texlive/texmf-dist/fonts/type1/public/amsfonts/cm/cmsy10.pfb></usr/share/texlive/texmf-dist/fonts/type1/public/lm/lmvtt10.pfb></usr/share/texlive/texmf-dist/fonts/type1/public/amsfonts/symbols/msam10.pfb></usr/share/texlive/texmf-dist/fonts/type1/public/amsfonts/symbols/msbm10.pfb></usr/share/texlive/texmf-dist/fonts/type1/urw/symbol/usyr.pfb></usr/share/texlive/texmf-dist/fonts/type1/urw/symbol/usyr.pfb></usr/share/texlive/texmf-dist/fonts/type1/urw/times/utmb8a.pfb></usr/share/texlive/texmf-dist/fonts/type1/urw/times/utmbi8a.pfb></usr/share/texlive/texmf-dist/fonts/type1/urw/times/utmr8a.pfb></usr/share/texlive/texmf-dist/fonts/type1/urw/times/utmri8a.pfb>
Output written on thesis.pdf (79 pages, 78630226 bytes).
PDF statistics:
 1163 PDF objects out of 1200 (max. 8388607)
 1013 compressed objects within 11 object streams
 253 named destinations out of 1000 (max. 500000)
 644 words of extra memory for PDF output out of 10000 (max. 10000000)

